Build started 25.03.2014 13:28:58.
     1>Project "C:\Users\GriniMotorsport\Documents\GitHub\Prosjektoppgave_OOP\Gudbrand\Testing_prosjekt\Testing_prosjekt\Testing_prosjekt.vcxproj" on node 2 (Build target(s)).
     1>ClCompile:
         C:\Program Files (x86)\Microsoft Visual Studio 11.0\VC\bin\CL.exe /c /ZI /nologo /W3 /WX- /Od /Oy- /D _MBCS /Gm /EHsc /RTC1 /MDd /GS /fp:precise /Zc:wchar_t /Zc:forScope /Fo"Debug\\" /Fd"Debug\vc110.pdb" /Gd /TP /analyze- /errorReport:prompt main.cpp
         main.cpp
     1>c:\users\grinimotorsport\documents\github\prosjektoppgave_oop\gudbrand\testing_prosjekt\testing_prosjekt\main.cpp(39): error C2664: 'lagNavn' : cannot convert parameter 2 from 'const char [5]' to 'char *'
                 Conversion loses qualifiers
     1>Done Building Project "C:\Users\GriniMotorsport\Documents\GitHub\Prosjektoppgave_OOP\Gudbrand\Testing_prosjekt\Testing_prosjekt\Testing_prosjekt.vcxproj" (Build target(s)) -- FAILED.

Build FAILED.

Time Elapsed 00:00:00.42
