Build started 06.04.2014 15:21:04.
     1>Project "C:\Users\GriniMotorsport\Documents\GitHub\Prosjektoppgave_OOP\Prosjekt_OOP\Prosjekt_OOP\Prosjekt_OOP.vcxproj" on node 2 (Build target(s)).
     1>ClCompile:
         C:\Program Files (x86)\Microsoft Visual Studio 11.0\VC\bin\CL.exe /c /ZI /nologo /W3 /WX- /Od /Oy- /D _MBCS /Gm /EHsc /RTC1 /MDd /GS /fp:precise /Zc:wchar_t /Zc:forScope /Fo"Debug\\" /Fd"Debug\vc110.pdb" /Gd /TP /analyze- /errorReport:prompt BOLIG.cpp EIENDOM.cpp SONE.cpp
         SONE.cpp
         Generating Code...
         Skipping... (no relevant changes detected)
         EIENDOM.cpp
         BOLIG.cpp
       Link:
         C:\Program Files (x86)\Microsoft Visual Studio 11.0\VC\bin\link.exe /ERRORREPORT:PROMPT /OUT:"C:\Users\GriniMotorsport\Documents\GitHub\Prosjektoppgave_OOP\Prosjekt_OOP\Debug\Prosjekt_OOP.exe" /INCREMENTAL /NOLOGO kernel32.lib user32.lib gdi32.lib winspool.lib comdlg32.lib advapi32.lib shell32.lib ole32.lib oleaut32.lib uuid.lib odbc32.lib odbccp32.lib /MANIFEST /MANIFESTUAC:"level='asInvoker' uiAccess='false'" /manifest:embed /DEBUG /PDB:"C:\Users\GriniMotorsport\Documents\GitHub\Prosjektoppgave_OOP\Prosjekt_OOP\Debug\Prosjekt_OOP.pdb" /TLBID:1 /DYNAMICBASE /NXCOMPAT /IMPLIB:"C:\Users\GriniMotorsport\Documents\GitHub\Prosjektoppgave_OOP\Prosjekt_OOP\Debug\Prosjekt_OOP.lib" /MACHINE:X86 Debug\BOLIG.obj
         Debug\EIENDOM.obj
         Debug\GLOBALE.obj
         Debug\INTRSONE.obj
         Debug\KUNDER.obj
         Debug\LISTTOOL2.obj
         Debug\main.obj
         Debug\KUNDE.obj
         Debug\SONE.obj
         Debug\SONER.obj
         Debug\timer3.obj
     1>SONE.obj : error LNK2019: unresolved external symbol "public: bool __thiscall Eiendom::tomt(void)" (?tomt@Eiendom@@QAE_NXZ) referenced in function "public: void __thiscall Sone::display(void)" (?display@Sone@@QAEXXZ)
     1>C:\Users\GriniMotorsport\Documents\GitHub\Prosjektoppgave_OOP\Prosjekt_OOP\Debug\Prosjekt_OOP.exe : fatal error LNK1120: 1 unresolved externals
     1>Done Building Project "C:\Users\GriniMotorsport\Documents\GitHub\Prosjektoppgave_OOP\Prosjekt_OOP\Prosjekt_OOP\Prosjekt_OOP.vcxproj" (Build target(s)) -- FAILED.

Build FAILED.

Time Elapsed 00:00:01.15
